

Note that the EASYBUILD tree is NOT supported by RACS.

Please contact user at sydes@uoregon.edu for questions regarding this tree.



Note that the EASYBUILD tree is NOT supported by RACS.

Please contact user at sydes@uoregon.edu for questions regarding this tree.


The following have been reloaded with a version change:
  1) Python/3.6.1 => Python/2.7.13

This is cutadapt 1.14 with Python 2.7.13
Command line parameters: -a AGATCGGAAGAGCACACGTCTGAACTCCAGTCAC -A AGATCGGAAGAGCGTCGTGTAGGGAAAGAGTGT -o /home/adowdell/AS1/cutadapt/cutadapt32-2/trimmed_32_4G.R1.fastq -p /home/adowdell/AS1/cutadapt/cutadapt32-2/trimmed_32_4G.R2.fastq /home/adowdell/AS1/32_4G_both_S23_L008_R1_001.fastq /home/adowdell/AS1/32_4G_both_S23_L008_R2_001.fastq
Trimming 2 adapters with at most 10.0% errors in paired-end mode ...
Finished in 318.03 s (27 us/read; 2.23 M reads/minute).

=== Summary ===

Total read pairs processed:         11,820,174
  Read 1 with adapter:                 631,712 (5.3%)
  Read 2 with adapter:                 725,571 (6.1%)
Pairs written (passing filters):    11,820,174 (100.0%)

Total basepairs processed: 2,387,675,148 bp
  Read 1: 1,193,837,574 bp
  Read 2: 1,193,837,574 bp
Total written (filtered):  2,372,250,702 bp (99.4%)
  Read 1: 1,186,321,445 bp
  Read 2: 1,185,929,257 bp

=== First read: Adapter 1 ===

Sequence: AGATCGGAAGAGCACACGTCTGAACTCCAGTCAC; Type: regular 3'; Length: 34; Trimmed: 631712 times.

No. of allowed errors:
0-9 bp: 0; 10-19 bp: 1; 20-29 bp: 2; 30-34 bp: 3

Bases preceding removed adapters:
  A: 18.2%
  C: 32.1%
  G: 34.3%
  T: 14.4%
  none/other: 1.1%

Overview of removed sequences
length	count	expect	max.err	error counts
3	228316	184690.2	0	228316
4	62985	46172.6	0	62985
5	30175	11543.1	0	30175
6	20018	2885.8	0	20018
7	18438	721.4	0	18438
8	17141	180.4	0	17141
9	16390	45.1	0	16058 332
10	15591	11.3	1	14990 601
11	14537	2.8	1	14071 466
12	13727	0.7	1	13310 417
13	13123	0.2	1	12564 559
14	12246	0.0	1	11626 620
15	11818	0.0	1	11219 599
16	10972	0.0	1	10432 540
17	10153	0.0	1	9586 567
18	9470	0.0	1	8914 515 41
19	8793	0.0	1	8266 483 44
20	8269	0.0	2	7759 434 76
21	7580	0.0	2	7060 454 66
22	7231	0.0	2	6749 421 61
23	6607	0.0	2	6181 360 66
24	6466	0.0	2	6009 395 62
25	5769	0.0	2	5376 347 46
26	5284	0.0	2	4912 327 45
27	4814	0.0	2	4501 264 44 5
28	4649	0.0	2	4307 280 50 12
29	4186	0.0	2	3881 250 41 14
30	3986	0.0	3	3674 246 50 16
31	3629	0.0	3	3312 267 38 12
32	3310	0.0	3	3053 208 34 15
33	3044	0.0	3	2778 224 24 18
34	2833	0.0	3	2590 209 28 6
35	2692	0.0	3	2484 170 29 9
36	2423	0.0	3	2226 162 29 6
37	2265	0.0	3	2065 158 33 9
38	2023	0.0	3	1838 151 30 4
39	1981	0.0	3	1830 125 21 5
40	1898	0.0	3	1747 120 29 2
41	1676	0.0	3	1543 112 15 6
42	1524	0.0	3	1399 107 14 4
43	1382	0.0	3	1286 83 9 4
44	1200	0.0	3	1103 80 10 7
45	1165	0.0	3	1078 71 13 3
46	1097	0.0	3	993 84 14 6
47	985	0.0	3	913 65 5 2
48	916	0.0	3	847 57 8 4
49	884	0.0	3	809 55 16 4
50	819	0.0	3	765 49 4 1
51	762	0.0	3	694 57 9 2
52	678	0.0	3	611 59 6 2
53	651	0.0	3	601 42 5 3
54	568	0.0	3	531 28 7 2
55	526	0.0	3	496 26 2 2
56	441	0.0	3	416 18 6 1
57	417	0.0	3	376 34 5 2
58	409	0.0	3	381 20 6 2
59	391	0.0	3	354 35 1 1
60	337	0.0	3	308 23 4 2
61	338	0.0	3	311 23 4
62	304	0.0	3	288 12 3 1
63	255	0.0	3	233 19 3
64	238	0.0	3	225 10 2 1
65	212	0.0	3	199 12 1
66	207	0.0	3	190 16 0 1
67	156	0.0	3	143 11 1 1
68	135	0.0	3	126 9
69	139	0.0	3	132 5 2
70	142	0.0	3	129 12 1
71	118	0.0	3	111 7
72	107	0.0	3	95 9 3
73	110	0.0	3	97 7 3 3
74	63	0.0	3	59 1 2 1
75	42	0.0	3	37 3 2
76	44	0.0	3	39 3 2
77	32	0.0	3	27 4 1
78	30	0.0	3	25 4 1
79	24	0.0	3	21 2 0 1
80	16	0.0	3	15 1
81	9	0.0	3	8 1
82	11	0.0	3	8 2 1
83	28	0.0	3	22 6
84	17	0.0	3	13 4
85	24	0.0	3	19 4 1
86	16	0.0	3	13 2 0 1
87	16	0.0	3	16
88	14	0.0	3	14
89	20	0.0	3	20
90	10	0.0	3	9 1
91	13	0.0	3	12 1
92	8	0.0	3	7 1
93	7	0.0	3	6 1
94	3	0.0	3	3
95	9	0.0	3	6 3
96	12	0.0	3	12
97	8	0.0	3	7 1
98	5	0.0	3	5
99	8	0.0	3	6 1 1
100	2	0.0	3	2
101	7100	0.0	3	9 6288 729 74

=== Second read: Adapter 2 ===

Sequence: AGATCGGAAGAGCGTCGTGTAGGGAAAGAGTGT; Type: regular 3'; Length: 33; Trimmed: 725571 times.

No. of allowed errors:
0-9 bp: 0; 10-19 bp: 1; 20-29 bp: 2; 30-33 bp: 3

Bases preceding removed adapters:
  A: 21.3%
  C: 32.2%
  G: 36.9%
  T: 8.6%
  none/other: 1.0%

Overview of removed sequences
length	count	expect	max.err	error counts
3	302572	184690.2	0	302572
4	74177	46172.6	0	74177
5	33429	11543.1	0	33429
6	21404	2885.8	0	21404
7	18680	721.4	0	18680
8	17248	180.4	0	17248
9	16671	45.1	0	16184 487
10	15935	11.3	1	15131 804
11	14806	2.8	1	14237 569
12	13881	0.7	1	13540 341
13	13201	0.2	1	12896 305
14	12326	0.0	1	12041 285
15	11895	0.0	1	11523 372
16	11071	0.0	1	10745 326
17	10275	0.0	1	9978 297
18	9495	0.0	1	9114 364 17
19	8876	0.0	1	8566 299 11
20	8319	0.0	2	8021 246 52
21	7634	0.0	2	7330 276 28
22	7281	0.0	2	6998 246 37
23	6684	0.0	2	6411 237 36
24	6516	0.0	2	6216 258 42
25	5815	0.0	2	5529 250 36
26	5322	0.0	2	5058 208 56
27	4865	0.0	2	4628 194 42 1
28	4700	0.0	2	4462 199 38 1
29	4230	0.0	2	3989 194 39 8
30	4015	0.0	3	3793 172 36 14
31	3663	0.0	3	3398 217 32 16
32	3356	0.0	3	3144 168 33 11
33	3082	0.0	3	2903 144 26 9
34	2883	0.0	3	2694 148 26 15
35	2733	0.0	3	2573 126 26 8
36	2455	0.0	3	2330 93 21 11
37	2278	0.0	3	2148 105 15 10
38	2060	0.0	3	1933 99 16 12
39	2007	0.0	3	1888 93 18 8
40	1925	0.0	3	1804 85 22 14
41	1710	0.0	3	1612 72 14 12
42	1554	0.0	3	1470 62 8 14
43	1407	0.0	3	1323 63 11 10
44	1229	0.0	3	1143 67 10 9
45	1198	0.0	3	1122 56 10 10
46	1132	0.0	3	1057 52 13 10
47	1012	0.0	3	949 47 7 9
48	951	0.0	3	873 62 7 9
49	918	0.0	3	849 52 9 8
50	852	0.0	3	783 52 7 10
51	801	0.0	3	730 48 11 12
52	709	0.0	3	650 37 14 8
53	665	0.0	3	616 41 4 4
54	592	0.0	3	555 28 6 3
55	562	0.0	3	510 30 15 7
56	459	0.0	3	423 24 7 5
57	445	0.0	3	411 18 9 7
58	437	0.0	3	397 24 9 7
59	414	0.0	3	384 18 8 4
60	354	0.0	3	333 13 4 4
61	350	0.0	3	327 18 4 1
62	333	0.0	3	296 28 5 4
63	277	0.0	3	249 16 7 5
64	258	0.0	3	233 13 7 5
65	236	0.0	3	212 14 8 2
66	236	0.0	3	206 14 9 7
67	179	0.0	3	158 11 8 2
68	150	0.0	3	134 10 4 2
69	164	0.0	3	142 12 5 5
70	168	0.0	3	139 18 5 6
71	137	0.0	3	120 9 5 3
72	123	0.0	3	106 11 3 3
73	128	0.0	3	109 9 5 5
74	75	0.0	3	63 5 5 2
75	60	0.0	3	47 3 3 7
76	58	0.0	3	45 11 0 2
77	39	0.0	3	32 4 0 3
78	38	0.0	3	33 3 1 1
79	35	0.0	3	32 1 1 1
80	22	0.0	3	18 4
81	13	0.0	3	10 0 1 2
82	11	0.0	3	9 2
83	33	0.0	3	27 2 1 3
84	20	0.0	3	17 1 2
85	28	0.0	3	24 1 1 2
86	15	0.0	3	15
87	21	0.0	3	16 2 1 2
88	16	0.0	3	13 1 1 1
89	21	0.0	3	20 0 0 1
90	12	0.0	3	9 2 1
91	14	0.0	3	10 3 0 1
92	9	0.0	3	6 2 0 1
93	8	0.0	3	7 0 0 1
94	4	0.0	3	2 1 0 1
95	11	0.0	3	7 2 1 1
96	14	0.0	3	9 2 1 2
97	9	0.0	3	7 1 0 1
98	7	0.0	3	4 0 3
99	9	0.0	3	5 2 0 2
100	3	0.0	3	0 1 1 1
101	7061	0.0	3	6 6396 607 52

