

Note that the EASYBUILD tree is NOT supported by RACS.

Please contact user at sydes@uoregon.edu for questions regarding this tree.



Note that the EASYBUILD tree is NOT supported by RACS.

Please contact user at sydes@uoregon.edu for questions regarding this tree.


The following have been reloaded with a version change:
  1) Python/3.6.1 => Python/2.7.13

This is cutadapt 1.14 with Python 2.7.13
Command line parameters: -a AGATCGGAAGAGCACACGTCTGAACTCCAGTCAC -A AGATCGGAAGAGCGTCGTGTAGGGAAAGAGTGT -o /home/adowdell/AS1/cutadapt/cutadapt22-2/trimmed_22_3H.R1.fastq -p /home/adowdell/AS1/cutadapt/cutadapt22-2/trimmed_22_3H.R2.fastq /home/adowdell/AS1/22_3H_both_S16_L008_R1_001.fastq /home/adowdell/AS1/22_3H_both_S16_L008_R2_001.fastq
Trimming 2 adapters with at most 10.0% errors in paired-end mode ...
Finished in 108.34 s (27 us/read; 2.24 M reads/minute).

=== Summary ===

Total read pairs processed:          4,050,899
  Read 1 with adapter:                 153,087 (3.8%)
  Read 2 with adapter:                 186,534 (4.6%)
Pairs written (passing filters):     4,050,899 (100.0%)

Total basepairs processed:   818,281,598 bp
  Read 1:   409,140,799 bp
  Read 2:   409,140,799 bp
Total written (filtered):    815,265,741 bp (99.6%)
  Read 1:   407,701,227 bp
  Read 2:   407,564,514 bp

=== First read: Adapter 1 ===

Sequence: AGATCGGAAGAGCACACGTCTGAACTCCAGTCAC; Type: regular 3'; Length: 34; Trimmed: 153087 times.

No. of allowed errors:
0-9 bp: 0; 10-19 bp: 1; 20-29 bp: 2; 30-34 bp: 3

Bases preceding removed adapters:
  A: 21.1%
  C: 30.8%
  G: 30.2%
  T: 17.7%
  none/other: 0.2%

Overview of removed sequences
length	count	expect	max.err	error counts
3	75429	63295.3	0	75429
4	17444	15823.8	0	17444
5	6268	3956.0	0	6268
6	2911	989.0	0	2911
7	2584	247.2	0	2584
8	2382	61.8	0	2382
9	2434	15.5	0	2341 93
10	2338	3.9	1	2184 154
11	2260	1.0	1	2164 96
12	2253	0.2	1	2170 83
13	2022	0.1	1	1952 70
14	1965	0.0	1	1895 70
15	1927	0.0	1	1861 66
16	1842	0.0	1	1771 71
17	1783	0.0	1	1723 60
18	1718	0.0	1	1650 65 3
19	1629	0.0	1	1566 58 5
20	1562	0.0	2	1489 65 8
21	1544	0.0	2	1478 52 14
22	1455	0.0	2	1369 67 19
23	1341	0.0	2	1280 49 12
24	1289	0.0	2	1209 64 16
25	1208	0.0	2	1145 54 9
26	1253	0.0	2	1174 67 12
27	1101	0.0	2	1039 52 10
28	1076	0.0	2	1001 63 11 1
29	1004	0.0	2	949 46 5 4
30	931	0.0	3	884 38 6 3
31	902	0.0	3	840 47 9 6
32	825	0.0	3	770 47 6 2
33	753	0.0	3	698 40 9 6
34	697	0.0	3	660 29 8
35	647	0.0	3	604 34 7 2
36	650	0.0	3	607 34 7 2
37	560	0.0	3	519 30 7 4
38	540	0.0	3	513 24 3
39	514	0.0	3	488 20 6
40	426	0.0	3	399 21 4 2
41	364	0.0	3	336 25 1 2
42	350	0.0	3	323 24 3
43	314	0.0	3	297 13 2 2
44	292	0.0	3	272 16 2 2
45	245	0.0	3	238 5 1 1
46	204	0.0	3	193 10 1
47	185	0.0	3	169 13 1 2
48	171	0.0	3	166 3 1 1
49	152	0.0	3	147 4 1
50	130	0.0	3	121 7 2
51	115	0.0	3	108 4 3
52	94	0.0	3	85 7 1 1
53	98	0.0	3	92 5 1
54	66	0.0	3	59 7
55	81	0.0	3	73 7 0 1
56	41	0.0	3	36 5
57	43	0.0	3	40 2 0 1
58	40	0.0	3	38 2
59	25	0.0	3	22 1 1 1
60	36	0.0	3	34 1 0 1
61	35	0.0	3	31 2 1 1
62	37	0.0	3	33 2 2
63	15	0.0	3	13 2
64	16	0.0	3	15 0 0 1
65	18	0.0	3	17 0 0 1
66	16	0.0	3	14 2
67	11	0.0	3	7 3 1
68	18	0.0	3	17 1
69	7	0.0	3	7
70	15	0.0	3	11 1 2 1
71	3	0.0	3	3
72	3	0.0	3	2 1
73	9	0.0	3	7 2
74	7	0.0	3	7
75	4	0.0	3	2 2
76	2	0.0	3	2
77	4	0.0	3	3 1
78	3	0.0	3	2 0 0 1
79	5	0.0	3	2 0 3
80	4	0.0	3	4
81	1	0.0	3	1
82	2	0.0	3	2
83	2	0.0	3	1 1
84	1	0.0	3	1
85	3	0.0	3	3
87	2	0.0	3	2
88	1	0.0	3	0 0 1
90	1	0.0	3	1
91	3	0.0	3	3
92	1	0.0	3	1
94	1	0.0	3	1
95	1	0.0	3	1
96	1	0.0	3	1
100	1	0.0	3	0 0 0 1
101	321	0.0	3	1 236 79 5

=== Second read: Adapter 2 ===

Sequence: AGATCGGAAGAGCGTCGTGTAGGGAAAGAGTGT; Type: regular 3'; Length: 33; Trimmed: 186534 times.

No. of allowed errors:
0-9 bp: 0; 10-19 bp: 1; 20-29 bp: 2; 30-33 bp: 3

Bases preceding removed adapters:
  A: 25.7%
  C: 31.5%
  G: 31.0%
  T: 11.6%
  none/other: 0.2%

Overview of removed sequences
length	count	expect	max.err	error counts
3	101827	63295.3	0	101827
4	21693	15823.8	0	21693
5	7544	3956.0	0	7544
6	3311	989.0	0	3311
7	2643	247.2	0	2643
8	2432	61.8	0	2432
9	2506	15.5	0	2373 133
10	2418	3.9	1	2211 207
11	2329	1.0	1	2190 139
12	2302	0.2	1	2231 71
13	2036	0.1	1	1990 46
14	1989	0.0	1	1946 43
15	1955	0.0	1	1889 66
16	1868	0.0	1	1833 35
17	1794	0.0	1	1735 59
18	1732	0.0	1	1675 53 4
19	1653	0.0	1	1598 55
20	1578	0.0	2	1513 51 14
21	1556	0.0	2	1487 60 9
22	1473	0.0	2	1408 55 10
23	1359	0.0	2	1295 52 12
24	1301	0.0	2	1229 63 9
25	1223	0.0	2	1163 54 6
26	1265	0.0	2	1206 51 8
27	1126	0.0	2	1064 54 8
28	1102	0.0	2	1051 36 15
29	1019	0.0	2	960 53 5 1
30	938	0.0	3	887 42 7 2
31	910	0.0	3	856 42 11 1
32	842	0.0	3	791 37 10 4
33	763	0.0	3	717 31 11 4
34	714	0.0	3	670 31 10 3
35	658	0.0	3	631 20 5 2
36	666	0.0	3	627 27 8 4
37	569	0.0	3	536 26 4 3
38	557	0.0	3	524 27 4 2
39	526	0.0	3	495 19 9 3
40	440	0.0	3	413 24 1 2
41	377	0.0	3	342 25 7 3
42	359	0.0	3	338 14 4 3
43	325	0.0	3	298 18 6 3
44	303	0.0	3	279 17 6 1
45	255	0.0	3	235 15 2 3
46	215	0.0	3	198 10 3 4
47	196	0.0	3	180 13 3
48	184	0.0	3	168 9 2 5
49	157	0.0	3	146 7 2 2
50	143	0.0	3	129 8 2 4
51	122	0.0	3	114 3 3 2
52	99	0.0	3	91 5 2 1
53	111	0.0	3	97 8 3 3
54	73	0.0	3	66 5 1 1
55	94	0.0	3	79 9 3 3
56	44	0.0	3	41 0 1 2
57	51	0.0	3	40 6 4 1
58	48	0.0	3	44 0 2 2
59	33	0.0	3	25 1 4 3
60	43	0.0	3	39 1 1 2
61	43	0.0	3	34 5 2 2
62	49	0.0	3	44 3 2
63	19	0.0	3	17 1 0 1
64	26	0.0	3	17 4 2 3
65	22	0.0	3	18 0 3 1
66	20	0.0	3	14 1 3 2
67	21	0.0	3	14 3 1 3
68	23	0.0	3	19 3 1
69	15	0.0	3	11 2 0 2
70	19	0.0	3	17 2
71	10	0.0	3	8 0 1 1
72	8	0.0	3	6 0 1 1
73	15	0.0	3	12 2 0 1
74	15	0.0	3	11 1 1 2
75	10	0.0	3	6 1 2 1
76	4	0.0	3	4
77	9	0.0	3	5 3 0 1
78	4	0.0	3	2 0 1 1
79	7	0.0	3	5 1 1
80	5	0.0	3	5
81	1	0.0	3	1
82	2	0.0	3	2
83	2	0.0	3	1 1
84	1	0.0	3	1
85	3	0.0	3	3
87	2	0.0	3	2
88	1	0.0	3	0 1
90	1	0.0	3	1
91	3	0.0	3	3
92	1	0.0	3	0 1
94	1	0.0	3	0 1
95	2	0.0	3	2
96	1	0.0	3	1
101	320	0.0	3	0 229 86 5

